<?xml version="1.0" encoding="utf-8"?>
<TestRun id="275ac69a-a7a5-4011-82ba-d152d8dfbf8e" name="@pkrvmqc4gcfdwos 2025-08-25 06:04:49" xmlns="http://microsoft.com/schemas/VisualStudio/TeamTest/2010">
  <Times creation="2025-08-25T06:04:49.9876322+00:00" queuing="2025-08-25T06:04:49.9876323+00:00" start="2025-08-25T06:04:49.1675818+00:00" finish="2025-08-25T06:04:49.9887679+00:00" />
  <TestSettings name="default" id="a399c169-0149-4c5e-8d3c-96c6a5697cda">
    <Deployment runDeploymentRoot="_pkrvmqc4gcfdwos_2025-08-25_06_04_49" />
  </TestSettings>
  <TestLists>
    <TestList name="Results Not in a List" id="8c84fa94-04c1-424b-9868-57a2d4851a1d" />
    <TestList name="All Loaded Results" id="19431567-8539-422a-85d7-44ee4e166bda" />
  </TestLists>
  <ResultSummary outcome="Completed">
    <Counters total="0" executed="0" passed="0" failed="0" error="0" timeout="0" aborted="0" inconclusive="0" passedButRunAborted="0" notRunnable="0" notExecuted="0" disconnected="0" warning="0" completed="0" inProgress="0" pending="0" />
    <RunInfos>
      <RunInfo computerName="pkrvmqc4gcfdwos" outcome="Warning" timestamp="2025-08-25T06:04:49.9069058+00:00">
        <Text>No test matches the given testcase filter `*VirtualGameSimulation*` in /home/runner/work/PitHero/PitHero/PitHero.Tests/bin/Debug/net8.0/PitHero.Tests.dll</Text>
      </RunInfo>
    </RunInfos>
  </ResultSummary>
</TestRun>